2024-09-29 19:12:07,192 - INFO - Loaded publications from /Users/xaea-12/Desktop/tk_pub_app/processed_bibtex_file_latex_characters.bib
2024-09-29 19:13:16,270 - INFO - Fetching publications from the internet...
2024-09-29 19:13:16,294 - INFO - Fetching entries for author: Ephraim Zimmer
2024-09-29 19:13:16,295 - INFO - Fetching from Crossref...
2024-09-29 19:13:19,108 - INFO - Crossref fetch complete. Found 11 publications.
2024-09-29 19:13:19,130 - INFO - Fetching from Semantic Scholar...
2024-09-29 19:13:20,743 - INFO - Semantic Scholar fetch complete. Found 13 publications.
2024-09-29 19:13:20,765 - INFO - Fetching from Google Scholar...
2024-09-29 19:13:20,766 - INFO - Searching for author: Ephraim Zimmer in Google Scholar...
2024-09-29 19:13:20,766 - INFO - Getting https://scholar.google.com/citations?hl=en&view_op=search_authors&mauthors=Ephraim%20Zimmer
2024-09-29 19:13:22,795 - INFO - HTTP Request: GET https://scholar.google.com/citations?hl=en&view_op=search_authors&mauthors=Ephraim%20Zimmer "HTTP/1.1 200 OK"
2024-09-29 19:13:22,843 - INFO - Found 0 authors
2024-09-29 19:13:22,843 - INFO - No more author pages
2024-09-29 19:13:22,844 - INFO - No exact author match found in Google Scholar for: Ephraim Zimmer
2024-09-29 19:13:22,865 - INFO - Google Scholar fetch complete. Found 0 publications.
2024-09-29 19:13:22,867 - INFO - Google Scholar fetch complete. Found 0 publications.
2024-09-29 19:13:22,867 - INFO - Fetching from DBLP...
2024-09-29 19:13:22,868 - INFO - Searching DBLP for: Ephraim Zimmer
2024-09-29 19:13:23,434 - INFO - Searching DBLP for: E. Zimmer
2024-09-29 19:13:23,762 - INFO - Searching DBLP for: Zimmer
2024-09-29 19:13:24,010 - INFO - DBLP fetch complete. Found 37 publications.
2024-09-29 19:13:24,011 - INFO - DBLP fetch complete. Found 37 publications.
2024-09-29 19:13:26,015 - INFO - Finished fetching entries. Total unique publications found: 49
2024-09-29 19:13:26,046 - INFO - Crawled publications saved to 'crawled_publications.csv'
2024-09-29 19:13:26,079 - INFO - Fetching complete. Now filtering by year...
2024-09-29 19:13:26,108 - INFO - Crawled publications saved to 'crawled_publications.csv'
2024-09-29 19:13:26,152 - INFO - Found publications matching the year criteria.
2024-09-29 19:13:26,153 - INFO - Comparing local and crawled publications...
2024-09-29 19:13:26,204 - INFO - Displaying missing publications...
2024-09-29 19:13:26,207 - INFO - Displaying extra publications...
2024-09-29 19:13:26,243 - INFO - Generating BibTeX for missing publications...
2024-09-29 19:13:26,289 - INFO - Updating statistics...
2024-09-29 19:13:26,290 - INFO - Comparison and display completed.
2024-09-29 19:14:14,318 - INFO - Loaded publications from /Users/xaea-12/Desktop/tk_pub_app/processed_bibtex_file_latex_characters.bib
2024-09-29 19:14:28,449 - INFO - Fetching publications from the internet...
2024-09-29 19:14:28,479 - INFO - Fetching entries for author: Ephraim Zimmer
2024-09-29 19:14:28,480 - INFO - Fetching from Crossref...
2024-09-29 19:14:31,616 - INFO - Crossref fetch complete. Found 11 publications.
2024-09-29 19:14:31,647 - INFO - Fetching from DBLP...
2024-09-29 19:14:31,648 - INFO - Searching DBLP for: Ephraim Zimmer
2024-09-29 19:14:31,869 - INFO - Searching DBLP for: E. Zimmer
2024-09-29 19:14:32,167 - INFO - Searching DBLP for: Zimmer
2024-09-29 19:14:32,501 - INFO - DBLP fetch complete. Found 37 publications.
2024-09-29 19:14:32,532 - INFO - DBLP fetch complete. Found 37 publications.
2024-09-29 19:14:34,535 - INFO - Finished fetching entries. Total unique publications found: 45
2024-09-29 19:14:34,565 - INFO - Crawled publications saved to 'crawled_publications.csv'
2024-09-29 19:14:34,567 - INFO - Fetching complete. Now filtering by year...
2024-09-29 19:14:34,570 - INFO - Crawled publications saved to 'crawled_publications.csv'
2024-09-29 19:14:34,607 - INFO - Found publications matching the year criteria.
2024-09-29 19:14:34,608 - INFO - Comparing local and crawled publications...
2024-09-29 19:14:34,656 - INFO - Displaying missing publications...
2024-09-29 19:14:34,659 - INFO - Displaying extra publications...
2024-09-29 19:14:34,660 - INFO - Generating BibTeX for missing publications...
2024-09-29 19:14:34,692 - INFO - Updating statistics...
2024-09-29 19:14:34,694 - INFO - Comparison and display completed.
2024-09-29 19:15:27,322 - INFO - Fetching publications from the internet...
2024-09-29 19:15:27,323 - INFO - Fetching entries for author: Ephraim Zimmer
2024-09-29 19:15:27,324 - INFO - Fetching from DBLP...
2024-09-29 19:15:27,325 - INFO - Searching DBLP for: Ephraim Zimmer
2024-09-29 19:15:27,585 - INFO - Searching DBLP for: E. Zimmer
2024-09-29 19:15:27,910 - INFO - Searching DBLP for: Zimmer
2024-09-29 19:15:28,169 - INFO - DBLP fetch complete. Found 37 publications.
2024-09-29 19:15:28,170 - INFO - DBLP fetch complete. Found 37 publications.
2024-09-29 19:15:30,173 - INFO - Finished fetching entries. Total unique publications found: 35
2024-09-29 19:15:30,199 - INFO - Crawled publications saved to 'crawled_publications.csv'
2024-09-29 19:15:30,201 - INFO - Fetching complete. Now filtering by year...
2024-09-29 19:15:30,202 - INFO - Crawled publications saved to 'crawled_publications.csv'
2024-09-29 19:15:30,204 - INFO - Found publications matching the year criteria.
2024-09-29 19:15:30,204 - INFO - Comparing local and crawled publications...
2024-09-29 19:15:30,246 - INFO - Displaying missing publications...
2024-09-29 19:15:30,248 - INFO - Displaying extra publications...
2024-09-29 19:15:30,249 - INFO - Generating BibTeX for missing publications...
2024-09-29 19:15:30,278 - INFO - Updating statistics...
2024-09-29 19:15:30,279 - INFO - Comparison and display completed.
2024-09-29 19:16:32,841 - INFO - Fetching publications from the internet...
2024-09-29 19:16:32,865 - INFO - Fetching entries for author: Achraf Doura
2024-09-29 19:16:32,866 - INFO - Fetching from DBLP...
2024-09-29 19:16:32,893 - INFO - Searching DBLP for: Achraf Doura
2024-09-29 19:16:33,109 - INFO - Searching DBLP for: A. Doura
2024-09-29 19:16:33,688 - INFO - Searching DBLP for: Doura
2024-09-29 19:16:34,136 - INFO - DBLP fetch complete. Found 22 publications.
2024-09-29 19:16:34,137 - INFO - DBLP fetch complete. Found 22 publications.
2024-09-29 19:16:36,142 - INFO - Finished fetching entries. Total unique publications found: 14
2024-09-29 19:16:36,165 - INFO - Crawled publications saved to 'crawled_publications.csv'
2024-09-29 19:16:36,166 - INFO - Fetching complete. Now filtering by year...
2024-09-29 19:16:36,199 - INFO - Crawled publications saved to 'crawled_publications.csv'
2024-09-29 19:16:36,201 - INFO - Found publications matching the year criteria.
2024-09-29 19:16:36,202 - INFO - Comparing local and crawled publications...
2024-09-29 19:16:36,234 - INFO - Displaying missing publications...
2024-09-29 19:16:36,235 - INFO - Displaying extra publications...
2024-09-29 19:16:36,236 - INFO - Generating BibTeX for missing publications...
2024-09-29 19:16:36,238 - INFO - Updating statistics...
2024-09-29 19:16:36,239 - INFO - Comparison and display completed.
2024-09-30 07:45:59,614 - INFO - Loaded publications from /Users/xaea-12/Desktop/tk_pub_app/processed_bibtex_file_latex_characters.bib
2024-09-30 07:46:05,966 - INFO - Fetching publications from the internet...
2024-09-30 07:46:05,987 - INFO - Fetching entries for author: Ephraim Zimmer
2024-09-30 07:46:05,988 - INFO - Fetching from Crossref...
2024-09-30 07:46:14,358 - INFO - Crossref fetch complete. Found 10 publications.
2024-09-30 07:46:14,360 - INFO - Fetching from Semantic Scholar...
2024-09-30 07:46:14,361 - INFO - Error fetching from Semantic Scholar: name 'publications' is not defined
2024-09-30 07:46:14,361 - ERROR - Exception in fetch_from_semantic_scholar
Traceback (most recent call last):
  File "/Users/xaea-12/Desktop/tk_pub_app/tk_pub_app.py", line 313, in fetch_entries_by_author
    semantic_scholar_pubs = self.fetch_from_semantic_scholar(first_name, last_name)
  File "/Users/xaea-12/Desktop/tk_pub_app/tk_pub_app.py", line 516, in fetch_from_semantic_scholar
    return publications
NameError: name 'publications' is not defined. Did you mean: 'PublicationApp'?
2024-09-30 07:46:14,365 - INFO - Fetching from Google Scholar...
2024-09-30 07:46:14,367 - INFO - Error fetching from Google Scholar: name 'publications' is not defined
2024-09-30 07:46:14,367 - ERROR - Exception in fetch_from_google_scholar
Traceback (most recent call last):
  File "/Users/xaea-12/Desktop/tk_pub_app/tk_pub_app.py", line 323, in fetch_entries_by_author
    google_scholar_pubs = self.fetch_from_google_scholar(first_name, last_name)
  File "/Users/xaea-12/Desktop/tk_pub_app/tk_pub_app.py", line 524, in fetch_from_google_scholar
    return publications
NameError: name 'publications' is not defined. Did you mean: 'PublicationApp'?
2024-09-30 07:46:14,391 - INFO - Fetching from DBLP...
2024-09-30 07:46:14,393 - INFO - Error fetching from DBLP: name 'publications' is not defined
2024-09-30 07:46:14,393 - ERROR - Exception in fetch_from_dblp
Traceback (most recent call last):
  File "/Users/xaea-12/Desktop/tk_pub_app/tk_pub_app.py", line 333, in fetch_entries_by_author
    dblp_pubs = self.fetch_from_dblp(first_name, last_name)
  File "/Users/xaea-12/Desktop/tk_pub_app/tk_pub_app.py", line 532, in fetch_from_dblp
    return publications
NameError: name 'publications' is not defined. Did you mean: 'PublicationApp'?
2024-09-30 07:46:16,403 - INFO - Finished fetching entries. Total unique publications found: 10
2024-09-30 07:46:16,432 - INFO - Crawled publications saved to 'crawled_publications.csv'
2024-09-30 07:46:16,434 - INFO - Fetching complete. Now filtering by year...
2024-09-30 07:46:16,436 - INFO - Crawled publications saved to 'crawled_publications.csv'
2024-09-30 07:46:16,446 - INFO - Found publications matching the year criteria.
2024-09-30 07:46:16,447 - INFO - Comparing local and crawled publications...
2024-09-30 07:46:16,479 - INFO - Displaying missing publications...
2024-09-30 07:46:16,481 - INFO - Displaying extra publications...
2024-09-30 07:46:16,507 - INFO - Generating BibTeX for missing publications...
2024-09-30 07:46:16,511 - INFO - Updating statistics...
2024-09-30 07:46:16,512 - INFO - Comparison and display completed.
2024-09-30 07:53:21,164 - INFO - Loaded publications from /Users/xaea-12/Desktop/tk_pub_app/processed_bibtex_file_latex_characters.bib
2024-09-30 07:53:23,109 - INFO - Fetching publications from the internet...
2024-09-30 07:53:23,133 - INFO - Fetching entries for author: Ephraim Zimmer
2024-09-30 07:53:23,134 - INFO - Fetching from Crossref...
2024-09-30 07:53:31,143 - INFO - Crossref fetch complete. Found 10 publications.
2024-09-30 07:53:31,145 - INFO - Fetching from Semantic Scholar...
2024-09-30 07:53:31,146 - INFO - Error fetching from Semantic Scholar: name 'publications' is not defined
2024-09-30 07:53:31,146 - ERROR - Exception in fetch_from_semantic_scholar
Traceback (most recent call last):
  File "/Users/xaea-12/Desktop/tk_pub_app/tk_pub_app.py", line 330, in fetch_entries_by_author
    semantic_scholar_pubs = self.fetch_from_semantic_scholar(first_name, last_name)
  File "/Users/xaea-12/Desktop/tk_pub_app/tk_pub_app.py", line 533, in fetch_from_semantic_scholar
    return publications
NameError: name 'publications' is not defined. Did you mean: 'PublicationApp'?
2024-09-30 07:53:31,180 - INFO - Fetching from Google Scholar...
2024-09-30 07:53:31,181 - INFO - Error fetching from Google Scholar: name 'publications' is not defined
2024-09-30 07:53:31,181 - ERROR - Exception in fetch_from_google_scholar
Traceback (most recent call last):
  File "/Users/xaea-12/Desktop/tk_pub_app/tk_pub_app.py", line 340, in fetch_entries_by_author
    google_scholar_pubs = self.fetch_from_google_scholar(first_name, last_name)
  File "/Users/xaea-12/Desktop/tk_pub_app/tk_pub_app.py", line 541, in fetch_from_google_scholar
    return publications
NameError: name 'publications' is not defined. Did you mean: 'PublicationApp'?
2024-09-30 07:53:31,213 - INFO - Fetching from DBLP...
2024-09-30 07:53:31,214 - INFO - Error fetching from DBLP: name 'publications' is not defined
2024-09-30 07:53:31,214 - ERROR - Exception in fetch_from_dblp
Traceback (most recent call last):
  File "/Users/xaea-12/Desktop/tk_pub_app/tk_pub_app.py", line 350, in fetch_entries_by_author
    dblp_pubs = self.fetch_from_dblp(first_name, last_name)
  File "/Users/xaea-12/Desktop/tk_pub_app/tk_pub_app.py", line 549, in fetch_from_dblp
    return publications
NameError: name 'publications' is not defined. Did you mean: 'PublicationApp'?
2024-09-30 07:53:33,288 - INFO - Finished fetching entries. Total unique publications found: 10
2024-09-30 07:53:33,331 - INFO - Crawled publications saved to 'crawled_publications.csv'
2024-09-30 07:53:33,334 - INFO - Fetching complete. Now filtering by year...
2024-09-30 07:53:33,336 - INFO - Crawled publications saved to 'crawled_publications.csv'
2024-09-30 07:53:33,376 - INFO - Found publications matching the year criteria.
2024-09-30 07:53:33,377 - INFO - Comparing local and crawled publications...
2024-09-30 07:53:33,385 - INFO - Displaying missing publications...
2024-09-30 07:53:33,387 - INFO - Displaying extra publications...
2024-09-30 07:53:33,388 - INFO - Generating BibTeX for missing publications...
2024-09-30 07:53:33,417 - INFO - Updating statistics...
2024-09-30 07:53:33,418 - INFO - Comparison and display completed.
2024-09-30 07:54:29,512 - INFO - Fetching publications from the internet...
2024-09-30 07:54:29,549 - INFO - Fetching entries for author: Max  Mühlhäuser
2024-09-30 07:54:29,550 - INFO - Fetching from Crossref...
2024-09-30 07:54:35,010 - INFO - Crossref fetch complete. Found 400 publications.
2024-09-30 07:54:35,012 - INFO - Fetching from Semantic Scholar...
2024-09-30 07:54:35,013 - INFO - Error fetching from Semantic Scholar: name 'publications' is not defined
2024-09-30 07:54:35,013 - ERROR - Exception in fetch_from_semantic_scholar
Traceback (most recent call last):
  File "/Users/xaea-12/Desktop/tk_pub_app/tk_pub_app.py", line 330, in fetch_entries_by_author
    semantic_scholar_pubs = self.fetch_from_semantic_scholar(first_name, last_name)
  File "/Users/xaea-12/Desktop/tk_pub_app/tk_pub_app.py", line 533, in fetch_from_semantic_scholar
    return publications
NameError: name 'publications' is not defined. Did you mean: 'PublicationApp'?
2024-09-30 07:54:35,017 - INFO - Fetching from Google Scholar...
2024-09-30 07:54:35,018 - INFO - Error fetching from Google Scholar: name 'publications' is not defined
2024-09-30 07:54:35,018 - ERROR - Exception in fetch_from_google_scholar
Traceback (most recent call last):
  File "/Users/xaea-12/Desktop/tk_pub_app/tk_pub_app.py", line 340, in fetch_entries_by_author
    google_scholar_pubs = self.fetch_from_google_scholar(first_name, last_name)
  File "/Users/xaea-12/Desktop/tk_pub_app/tk_pub_app.py", line 541, in fetch_from_google_scholar
    return publications
NameError: name 'publications' is not defined. Did you mean: 'PublicationApp'?
2024-09-30 07:54:35,059 - INFO - Fetching from DBLP...
2024-09-30 07:54:35,060 - INFO - Error fetching from DBLP: name 'publications' is not defined
2024-09-30 07:54:35,060 - ERROR - Exception in fetch_from_dblp
Traceback (most recent call last):
  File "/Users/xaea-12/Desktop/tk_pub_app/tk_pub_app.py", line 350, in fetch_entries_by_author
    dblp_pubs = self.fetch_from_dblp(first_name, last_name)
  File "/Users/xaea-12/Desktop/tk_pub_app/tk_pub_app.py", line 549, in fetch_from_dblp
    return publications
NameError: name 'publications' is not defined. Did you mean: 'PublicationApp'?
2024-09-30 07:54:37,075 - INFO - Finished fetching entries. Total unique publications found: 380
2024-09-30 07:54:37,115 - INFO - Crawled publications saved to 'crawled_publications.csv'
2024-09-30 07:54:37,118 - INFO - Fetching complete. Now filtering by year...
2024-09-30 07:54:37,127 - INFO - Crawled publications saved to 'crawled_publications.csv'
2024-09-30 07:54:37,129 - INFO - Found publications matching the year criteria.
2024-09-30 07:54:37,172 - INFO - Comparing local and crawled publications...
2024-09-30 07:54:37,178 - INFO - Displaying missing publications...
2024-09-30 07:54:37,227 - INFO - Displaying extra publications...
2024-09-30 07:54:37,229 - INFO - Generating BibTeX for missing publications...
2024-09-30 07:54:37,233 - INFO - Updating statistics...
2024-09-30 07:54:37,234 - INFO - Comparison and display completed.
2024-09-30 07:58:58,346 - INFO - Loaded publications from /Users/xaea-12/Desktop/tk_pub_app/processed_bibtex_file_latex_characters.bib
2024-09-30 07:59:07,357 - INFO - Fetching publications from the internet...
2024-09-30 07:59:07,406 - INFO - Fetching entries for author: Ephraim Zimmer
2024-09-30 07:59:07,407 - INFO - Fetching from Crossref...
2024-09-30 07:59:14,398 - INFO - Crossref fetch complete. Found 10 publications.
2024-09-30 07:59:14,399 - INFO - Fetching from Semantic Scholar...
2024-09-30 07:59:15,442 - INFO - Semantic Scholar fetch complete. Found 0 publications.
2024-09-30 07:59:15,464 - INFO - Fetching from Google Scholar...
2024-09-30 07:59:15,464 - INFO - Getting https://scholar.google.com/citations?hl=en&view_op=search_authors&mauthors=Ephraim%20Zimmer
2024-09-30 07:59:18,542 - INFO - HTTP Request: GET https://scholar.google.com/citations?hl=en&view_op=search_authors&mauthors=Ephraim%20Zimmer "HTTP/1.1 200 OK"
2024-09-30 07:59:18,646 - INFO - Found 0 authors
2024-09-30 07:59:18,647 - INFO - No more author pages
2024-09-30 07:59:18,667 - INFO - Google Scholar fetch complete. Found 0 publications.
2024-09-30 07:59:18,668 - INFO - Fetching from DBLP...
2024-09-30 07:59:19,381 - INFO - DBLP fetch complete. Found 15 publications.
2024-09-30 07:59:21,384 - INFO - Finished fetching entries. Total unique publications found: 22
2024-09-30 07:59:21,407 - INFO - Crawled publications saved to 'crawled_publications.csv'
2024-09-30 07:59:21,409 - INFO - Fetching complete. Now filtering by year...
2024-09-30 07:59:21,441 - INFO - Crawled publications saved to 'crawled_publications.csv'
2024-09-30 07:59:21,443 - INFO - Found publications matching the year criteria.
2024-09-30 07:59:21,444 - INFO - Comparing local and crawled publications...
2024-09-30 07:59:21,473 - INFO - Displaying missing publications...
2024-09-30 07:59:21,475 - INFO - Displaying extra publications...
2024-09-30 07:59:21,476 - INFO - Generating BibTeX for missing publications...
2024-09-30 07:59:21,509 - INFO - Updating statistics...
2024-09-30 07:59:21,510 - INFO - Comparison and display completed.
